C:\Program Files (x86)\GnuMakeWin32\bin\make.exe all --print-data-base --no-builtin-variables --no-builtin-rules --question
# GNU Make 3.81
# Copyright (C) 2006  Free Software Foundation, Inc.
# This is free software; see the source for copying conditions.
# There is NO warranty; not even for MERCHANTABILITY or FITNESS FOR A
# PARTICULAR PURPOSE.

# This program built for i386-pc-mingw32
 

# Make data base, printed on Fri Oct 29 12:56:35 2021

# Variables

# automatic
<D = $(patsubst %/,%,$(dir $<))
# automatic
?F = $(notdir $?)
# makefile (from `makefile', line 4)
OBJ = $(SRC:.c=.o)
# makefile (from `makefile', line 3)
SRC = source.c list.c
# makefile
MAKEFLAGS = Rrqp
# makefile (from `makefile', line 2)
TARGET = project1
# automatic
?D = $(patsubst %/,%,$(dir $?))
# automatic
@D = $(patsubst %/,%,$(dir $@))
# environment
HOMEDRIVE = C:
# automatic
@F = $(notdir $@)
# automatic
^D = $(patsubst %/,%,$(dir $^))
# makefile
CURDIR := c:/Users/Garrett/Desktop/Everything/Programming/VSCode/cs3113fa21-project1
# default
SHELL := sh.exe
# environment
WINDIR = C:\WINDOWS
# environment
VSCODE_NLS_CONFIG = {"locale":"en-us","availableLanguages":{},"_languagePackSupport":true}
# environment
PYCHARM COMMUNITY EDITION = C:\Program Files\JetBrains\PyCharm Community Edition 2020.3.2\bin;
# environment
ONEDRIVE = C:\Users\Garrett\OneDrive
# environment
PATHEXT = .COM;.EXE;.BAT;.CMD;.VBS;.VBE;.JS;.JSE;.WSF;.WS 
H;.MSC
# makefile (from `makefile', line 1)
MAKEFILE_LIST :=  makefile
# environment
FPS_BROWSER_USER_PROFILE_STRING = Default
# environment
VSCODE_NODE_CACHED_DATA_DIR = C:\Users\Garrett\AppData\Roaming\Code\CachedData\e5a624b788d92b8d34d1392e4c4d9789406efe8f
# environment
TMP = C:\Users\Garrett\AppData\Local\Temp
# environment
PROGRAMW6432 = C:\Program Files
# environment
VSCODE_LOGS = C:\Users\Garrett\AppData\Roaming\Code\logs\20211029T123115
# environment
PROGRAMDATA = C:\ProgramData
# environment
VSCODE_IPC_HOOK_EXTHOST = \\.\pipe\vscode-ipc-af8b658f-a166-49d6-8381-bbca5ba43fe2-sock
# environment
VSCODE_CWD = C:\Program Files\Microsoft VS Code
# environment
PATH = C:\Program Files (x86)\Razer Chroma SDK\bin;C:\Program Files\Razer Chroma SDK\bin;C:\Program Files (x86)\Common Files\Oracle\Java\javapath;C:\Program Files (x86)\Intel\iCLS Client\;C:\Program Files\Intel\iCLS Client\;C:\Windows\system32;C:\Windows;C:\Windows\System32\Wbem;C:\Windows\System32\WindowsPowerShell\v1.0\;C:\Program Files (x86)\NVIDIA Corporation\PhysX\Common;C:\Program Files (x86)\Intel\Intel(R) Management Engine Components\DAL;C:\Program Files\Intel\Intel(R) Management Engine Components\DAL;C:\Program Files (x86)\Intel\Intel(R) Management Engine Components\IPT;C:\Program Files\Intel\Intel(R) Management Engine Components\IPT;C:\Program Files\Microsoft VS Code\bin;C:\Windows\system32\config\systemprofile\AppData\Local\Microsoft\WindowsApps;C:\WINDOWS\system32;C:\WINDOWS;C:\WINDOWS\System32\Wbem;C:\WINDOWS\System32\WindowsPowerShell\v1.0\;C:\WINDOWS\System32\OpenSSH\;C:\Program Files\MATLAB\R2018a\runtime\win64;C:\Program Files\MATLAB\R2018a\bin;C:\Program Files\Intel\WiFi\bin\;C:\Program Files\Common Files\Intel\WirelessCommon\;C:\Program Files\Git\cmd;C:\Program Files\dotnet\;C:\Program Files\Microsoft SQL Server\130\Tools\Binn\;C:\Program Files\Microsoft SQL Server\Client SDK\ODBC\170\Tools\Binn\;C:\Program Files\CMake\bin;C:\Program Files\LLVM\bin;C:\Users\Garrett\Desktop\Everything\Programming\nodejs;C:\Users\Garrett\Anaconda;C:\Users\Garrett\Anaconda\Library\mingw-w64\bin;C:\Users\Garrett\Anaconda\Library\usr\bin;C:\Users\Garrett\Anaconda\Library\bin;C:\Users\Garrett\Anaconda\Scripts;C:\Users\Garrett\AppData\Local\Microsoft\WindowsApps;C:\Users\Garrett\AppData\Local\atom\bin;C:\Users\Garrett\AppData\Local\GitHubDesktop\bin;C:\Users\Garrett\AppData\Local\Microsoft\WindowsApps;C:\Program Files\mingw-w64\x86_64-8.1.0-posix-seh-rt_v6-rev0\mingw64\bin;C:\Program Files\JetBrains\PyCharm Community Edition 2020.3.2\bin;;C:\Program Files (x86)\GnuMakeWin32\bin;
# environment
COMMONPROGRAMW6432 = C:\Program Files\Common Files
# environment
PROCESSOR_ARCHITECTURE = x86
# environment
USERPROFILE = C:\Users\Garrett
# environment
ALLUSERSPROFILE = C:\ProgramData
# environment
DOKANLIBRARY1 = C:\Program Files\Dokan\Dokan Library-1.4.0\
# environment
VSCODE_LOG_STACK = false
# environment
NUMBER_OF_PROCESSORS = 8
# environment
ELECTRON_RUN_AS_NODE = 1
# default
.FEATURES := target-specific order-only second-expansion else-if archives
# automatic
%F = $( 
notdir $%)
# environment
CHROME_CRASHPAD_PIPE_NAME = \\.\pipe\crashpad_14948_SXADOVDDCMQLDLWP
# environment
COMPUTERNAME = DESKTOP-7DR7U2G
# environment
PROGRAMFILES = C:\Program Files (x86)
# environment
DRIVERDATA = C:\Windows\System32\Drivers\DriverData
# environment
ORIGINAL_XDG_CURRENT_DESKTOP = undefined
# environment
USERNAME = Garrett
# makefile (from `makefile', line 5)
HEAD = list.h
# environment
PUBLIC = C:\Users\Public
# environment
APPLICATION_INSIGHTS_NO_DIAGNOSTIC_CHANNEL = true
# environment
COMMONPROGRAMFILES = C:\Program Files (x86)\Common Files
# environment
LOGONSERVER = \\DESKTOP-7DR7U2G
# environment
VSCODE_HANDLES_UNCAUGHT_ERRORS = true
# environment
USERDOMAIN = DESKTOP-7DR7U2G
# environment
VERBOSE_LOGGING = true
# default
MAKE = $(MAKE_COMMAND)
# default
MAKECMDGOALS := all
# makefile (from `makefile', line 6)
CC = gcc -g
# default
MAKE_VERSION := 3.81
# environment
AMD_ENTRYPOINT = vs/workbench/services/extensions/node/extensionHostProcess
# makefile
.DEFAULT_GOAL := all
# environme 
nt
DOKANLIBRARY1_LIBRARYPATH_X64 = C:\Program Files\Dokan\Dokan Library-1.4.0\lib\
# environment
PIPE_LOGGING = true
# environment
PROGRAMFILES(X86) = C:\Program Files (x86)
# automatic
%D = $(patsubst %/,%,$(dir $%))
# environment
LOCALAPPDATA = C:\Users\Garrett\AppData\Local
# environment
PSMODULEPATH = C:\Program Files\WindowsPowerShell\Modules;C:\WINDOWS\system32\WindowsPowerShell\v1.0\Modules
# default
MAKE_COMMAND := C:/Program Files (x86)/GnuMakeWin32/bin/make
# environment
PROCESSOR_ARCHITEW6432 = AMD64
# default
.VARIABLES := 
# automatic
*F = $(notdir $*)
# environment
PROCESSOR_IDENTIFIER = Intel64 Family 6 Model 142 Stepping 10, GenuineIntel
# environment
OS = Windows_NT
# environment
VSCODE_IPC_HOOK = \\.\pipe\ce4b9ea10d77a4e98235e1eeec14d8e4-1.51.1-main-sock
# environment
HOMEPATH = \Users\Garrett
# environment
COMMONPROGRAMFILES(X86) = C:\Program Files (x86)\Common Files
# environment
PROMPT = $P$G
# environment
MFLAGS = -Rrqp
# automatic
*D = $(patsubst %/,%,$(dir $*))
# environment
SYSTEMROOT 
 = C:\WINDOWS
# automatic
+D = $(patsubst %/,%,$(dir $+))
# automatic
+F = $(notdir $+)
# environment
APPDATA = C:\Users\Garrett\AppData\Roaming
# environment
TEMP = C:\Users\Garrett\AppData\Local\Temp
# environment
COMSPEC = C:\WINDOWS\system32\cmd.exe
# environment
DOKANLIBRARY1_LIBRARYPATH_X86 = C:\Program Files\Dokan\Dokan Library-1.4.0\x86\lib\
# default
MAKEFILES := 
# automatic
<F = $(notdir $<)
# environment
LC_ALL = C
# automatic
^F = $(notdir $^)
# default
SUFFIXES := 
# environment
SYSTEMDRIVE =  
C:
# environment
SESSIONNAME = Console
# environment
PROCESSOR_REVISION = 8e0a
# environment
MAKELEVEL := 0
# environment
LANG = C
# environment
PROCESSOR_LEVEL = 6
# environment
FPS_BROWSER_APP_PROFILE_STRING = Internet Explorer
# environment
VSCODE_PID = 14948
# environment
USERDOMAIN_ROAMINGPROFILE = DESKTOP-7DR7U2G
# variable set hash-table stats:
# Load=97/1024=9%, Rehash=0, Collisions=14/128=11%

# Pattern-specific Variable Values

# No pattern-specific variable values.

# Directories

# : could not b 
e stat'd.
# C:\Program Files\Intel\iCLS Client\ (key C:/Program Files/Intel/iCLS Client/, mtime 1531284448): 11 files, no impossibilities.
# C:\Program Files\LLVM\bin (key C:/Program Files/LLVM/bin, mtime 1602960747): 18 files, no impossibilities.
# C:\Users\Garrett\Desktop\Everything\Programming\nodejs: could not be stat'd.
# C:\Program Files (x86)\Razer Chroma SDK\bin (key C:/Program Files (x86)/Razer Chroma SDK/bin, mtime 1621366079): 48 files, no impossibilities.
# C:\Windows\System32\WindowsPowerShell\ 
v1.0\ (key C:/Windows/System32/WindowsPowerShell/v1.0/, mtime 1629776137): 30 files, no impossibilities.
# C:\Windows\System32\Wbem (key C:/Windows/System32/Wbem, mtime 1631886196): 154 files, no impossibilities.
# . (key c:/Users/Garrett/Desktop/Everything/Programming/VSCode/cs3113fa21-project1, mtime 1635530137): 16 files, no impossibilities.
# C:\Program Files (x86)\NVIDIA Corporation\PhysX\Common (key C:/Program Files (x86)/NVIDIA Corporation/PhysX/Common, mtime 1531284486): 10 files, no impossibilities 
.
# C:\Program Files (x86)\GnuMakeWin32\bin (key C:/Program Files (x86)/GnuMakeWin32/bin, mtime 1634156758): 5 files, no impossibilities.
# C:\Users\Garrett\Anaconda (key C:/Users/Garrett/Anaconda, mtime 1575259141): 84 files, no impossibilities.
# C:\Users\Garrett\Anaconda\Library\usr\bin: could not be stat'd.
# C:\Users\Garrett\AppData\Local\GitHubDesktop\bin (key C:/Users/Garrett/AppData/Local/GitHubDesktop/bin, mtime 1536518314): 4 files, no impossibilities.
# C:\Users\Garrett\AppData\Local\Microsoft\Wi 
ndowsApps (key C:/Users/Garrett/AppData/Local/Microsoft/WindowsApps, mtime 1635525895): 15 files, no impossibilities.
# C:\Users\Garrett\Anaconda\Library\bin (key C:/Users/Garrett/Anaconda/Library/bin, mtime 1575259141): 411 files, no impossibilities.
# C:\Program Files\dotnet\ (key C:/Program Files/dotnet/, mtime 1576133370): 10 files, no impossibilities.
# C:\Users\Garrett\Anaconda\Scripts (key C:/Users/Garrett/Anaconda/Scripts, mtime 1631647338): 318 files, no impossibilities.
# C:\Users\Garrett\Anaconda\Library\mingw-w64\bin (key C:/Users/Garrett/Anaconda/Library/mingw-w64/bin, mtime 1546289768): 15 files, no impossibilities.
# C:\Program Files\Intel\Intel(R) Management Engine Components\IPT (key C:/Program Files/Intel/Intel(R) Management Engine Components/IPT, mtime 1531284448): 5 files, no impossibilities.
# C:\WINDOWS\System32\OpenSSH\: could not be stat'd.
# C:\Program Files (x86)\Common Files\Oracle\Java\javapath (key C:/Program Files (x86)/Common Files/Oracle/Java/javapath, mtime 1585159543): 5 file 
s, no impossibilities.
# C:\Program Files\Microsoft VS Code\bin (key C:/Program Files/Microsoft VS Code/bin, mtime 1607187233): 4 files, no impossibilities.
# C:\Program Files\Intel\Intel(R) Management Engine Components\DAL (key C:/Program Files/Intel/Intel(R) Management Engine Components/DAL, mtime 1531284448): 4 files, no impossibilities.
# C:\Windows (key C:/Windows, mtime 1550710619): 130 files, no impossibilities.
# C:\Program Files\MATLAB\R2018a\bin (key C:/Program Files/MATLAB/R2018a/bin, mtime 15354 
72193): 22 files, no impossibilities.
# C:\Program Files\Microsoft SQL Server\Client SDK\ODBC\170\Tools\Binn\ (key C:/Program Files/Microsoft SQL Server/Client SDK/ODBC/170/Tools/Binn/, mtime 1576134727): 7 files, no impossibilities.
# C:\Program Files\Intel\WiFi\bin\ (key C:/Program Files/Intel/WiFi/bin/, mtime 1634596764): 3 files, no impossibilities.
# C:\Program Files\Common Files\Intel\WirelessCommon\ (key C:/Program Files/Common Files/Intel/WirelessCommon/, mtime 1539283575): 7 files, no impossibiliti 
es.
# C:\Program Files\CMake\bin (key C:/Program Files/CMake/bin, mtime 1601990191): 7 files, no impossibilities.
# C:\Program Files\mingw-w64\x86_64-8.1.0-posix-seh-rt_v6-rev0\mingw64\bin (key C:/Program Files/mingw-w64/x86_64-8.1.0-posix-seh-rt_v6-rev0/mingw64/bin, mtime 1598992506): 58 files, no impossibilities.
# C:\Program Files\Razer Chroma SDK\bin (key C:/Program Files/Razer Chroma SDK/bin, mtime 1535048393): 3 files, no impossibilities.
# C:\Users\Garrett\AppData\Local\atom\bin (key C:/Users/Garrett 
/AppData/Local/atom/bin, mtime 1535402342): 6 files, no impossibilities.
# C:\Program Files (x86)\Intel\iCLS Client\ (key C:/Program Files (x86)/Intel/iCLS Client/, mtime 1531284483): 8 files, no impossibilities.
# C:\Program Files\Git\cmd (key C:/Program Files/Git/cmd, mtime 1575257464): 8 files, no impossibilities.
# C:\Windows\system32 (key C:/Windows/system32, mtime 1635284289): 3067 files, no impossibilities.
# C:\Program Files (x86)\Intel\Intel(R) Management Engine Components\IPT (key C:/Program Files (x86)/Intel/Intel(R) Management Engine Components/IPT, mtime 1531284483): 6 files, no impossibilities.
# C:\Program Files\JetBrains\PyCharm Community Edition 2020.3.2\bin (key C:/Program Files/JetBrains/PyCharm Community Edition 2020.3.2/bin, mtime 1610322431): 28 files, no impossibilities.
# C:\Program Files\MATLAB\R2018a\runtime\win64 (key C:/Program Files/MATLAB/R2018a/runtime/win64, mtime 1535472161): 10 files, no impossibilities.
# C:\Program Files\Microsoft SQL Server\130\Tools\Binn\ (key C:/Program  
Files/Microsoft SQL Server/130/Tools/Binn/, mtime 1576134719): 4 files, no impossibilities.
# C:\Program Files (x86)\Intel\Intel(R) Management Engine Components\DAL (key C:/Program Files (x86)/Intel/Intel(R) Management Engine Components/DAL, mtime 1531284483): 10 files, no impossibilities.
# C:\Windows\system32\config\systemprofile\AppData\Local\Microsoft\WindowsApps: could not be stat'd.

# 4551 files, no impossibilities in 41 directories.

# Implicit Rules

%.o: %.c list.h
#  commands to execute (from `ma 
kefile', line 16):
	$(CC) -c $< -o $@
	

# 1 implicit rules, 0 (0.0%) terminal.

# Files

source.o: source.c list.h
#  Implicit rule search has been done.
#  Implicit/static pattern stem: `source'
#  Last modified 2021-10-29 12:45:28
#  File has been updated.
#  Successfully updated.
# variable set hash-table stats:
# Load=0/32=0%, Rehash=0, Collisions=0/0=0%
#  commands to execute (from `makefile', line 16):
	$(CC) -c $< -o $@
	

# Not a target:
list.c:
#  Implicit rule search has been done.
#  Last modifi 
ed 2021-10-29 12:35:17
#  File has been updated.
#  Successfully updated.
# variable set hash-table stats:
# Load=0/32=0%, Rehash=0, Collisions=0/0=0%

all: project1
#  Command-line target.
#  Implicit rule search has been done.
#  File does not exist.
#  File has been updated.
#  Needs to be updated (-q is set).
# variable set hash-table stats:
# Load=0/32=0%, Rehash=0, Collisions=0/6=0%

# Not a target:
.DEFAULT:
#  Implicit rule search has not been done.
#  Modification time never checked.
#  File has no 
t been updated.

# Not a target:
list.h:
#  Implicit rule search has been done.
#  Last modified 2021-10-29 12:35:17
#  File has been updated.
#  Successfully updated.
# variable set hash-table stats:
# Load=0/32=0%, Rehash=0, Collisions=0/0=0%

# Not a target:
makefile:
#  Implicit rule search has been done.
#  Last modified 2021-10-29 12:53:04
#  File has been updated.
#  Successfully updated.
# variable set hash-table stats:
# Load=0/32=0%, Rehash=0, Collisions=0/0=0%

project1: source.o list.o
#  Implic 
it rule search has not been done.
#  Implicit/static pattern stem: `'
#  Last modified 2021-10-29 12:35:17
#  File has been updated.
#  Needs to be updated (-q is set).
# automatic
# @ := project1
# automatic
# % := 
# automatic
# * := 
# automatic
# + := source.o list.o
# automatic
# | := 
# automatic
# < := source.o
# automatic
# ^ := source.o list.o
# automatic
# ? := source.o
# variable set hash-table stats:
# Load=8/32=25%, Rehash=0, Collisions=3/14=21%
#  commands to execute (from `makefile', line 12) 
:
	$(CC) -o $(TARGET) $(OBJ)
	

# Not a target:
source.c:
#  Implicit rule search has been done.
#  Last modified 2021-10-29 12:44:55
#  File has been updated.
#  Successfully updated.
# variable set hash-table stats:
# Load=0/32=0%, Rehash=0, Collisions=0/0=0%

# Not a target:
.SUFFIXES:
#  Implicit rule search has not been done.
#  Modification time never checked.
#  File has not been updated.

clean:
#  Implicit rule search has not been done.
#  Modification time never checked.
#  File has not been updat 
ed.
#  commands to execute (from `makefile', line 20):
	rm -f $(OBJ) $(TARGET)
	

list.o: list.c list.h
#  Implicit rule search has been done.
#  Implicit/static pattern stem: `list'
#  Last modified 2021-10-29 12:35:17
#  File has been updated.
#  Successfully updated.
# variable set hash-table stats:
# Load=0/32=0%, Rehash=0, Collisions=0/0=0%
#  commands to execute (from `makefile', line 16):
	$(CC) -c $< -o $@
	

# files hash-table stats:
# Load=11/1024=1%, Rehash=0, Collisions=0/37=0%
# VPATH Search Pa 
ths

# No `vpath' search paths.

# No general (`VPATH' variable) search path.

# # of strings in strcache: 1
# # of strcache buffers: 1
# strcache size: total = 4096 / max = 4096 / min = 4096 / avg = 4096
# strcache free: total = 4087 / max = 4087 / min = 4087 / avg = 4087

# Finished Make data base on Fri Oct 29 12:56:35 2021

 
